<?xml version="1.0" encoding="UTF-8"?>
<!-- Generated by org.testng.reporters.JUnitReportReporter -->
<testsuite hostname="LAPTOP-JG1BHBJI" name="sep7.Firstclass" tests="3" failures="0" timestamp="8 Sep 2022 04:51:48 GMT" time="65.745" errors="0">
  <testcase name="multiply" time="31.209" classname="sep7.Firstclass"/>
  <testcase name="addition" time="19.409" classname="sep7.Firstclass"/>
  <testcase name="division" time="15.127" classname="sep7.Firstclass"/>
</testsuite> <!-- sep7.Firstclass -->
