<?xml version="1.0" encoding="UTF-8"?>
<!-- Generated by org.testng.reporters.JUnitReportReporter -->
<testsuite hostname="LAPTOP-JG1BHBJI" name="sep6.Firstclass_2" tests="3" failures="0" timestamp="6 Sep 2022 14:21:00 GMT" time="71.670" errors="0">
  <testcase name="customer" time="4.367" classname="sep6.Firstclass_2"/>
  <testcase name="books" time="8.490" classname="sep6.Firstclass_2"/>
  <testcase name="mobiles" time="58.813" classname="sep6.Firstclass_2"/>
</testsuite> <!-- sep6.Firstclass_2 -->
