<?xml version="1.0" encoding="UTF-8"?>
<!-- Generated by org.testng.reporters.JUnitReportReporter -->
<testsuite hostname="LAPTOP-JG1BHBJI" name="sep7.Firstclass_1" tests="4" failures="0" timestamp="8 Sep 2022 04:51:48 GMT" time="22.595" errors="0">
  <testcase name="time" time="5.839" classname="sep7.Firstclass_1"/>
  <testcase name="recruit" time="5.487" classname="sep7.Firstclass_1"/>
  <testcase name="admin" time="5.552" classname="sep7.Firstclass_1"/>
  <testcase name="leave" time="5.717" classname="sep7.Firstclass_1"/>
</testsuite> <!-- sep7.Firstclass_1 -->
