<?xml version="1.0" encoding="UTF-8"?>
<!-- Generated by org.testng.reporters.JUnitReportReporter -->
<testsuite hostname="LAPTOP-JG1BHBJI" name="sep8.Gitam_1" tests="1" failures="0" timestamp="8 Sep 2022 07:25:16 GMT" time="15.625" errors="0">
  <testcase name="login" time="15.625" classname="sep8.Gitam_1"/>
</testsuite> <!-- sep8.Gitam_1 -->
