<?xml version="1.0" encoding="UTF-8"?>
<!-- Generated by org.testng.reporters.JUnitReportReporter -->
<testsuite hostname="LAPTOP-JG1BHBJI" name="practise.Rediff_1" tests="4" failures="0" timestamp="12 Sep 2022 12:11:12 GMT" time="74.411" errors="0">
  <testcase name="link2" time="16.115" classname="practise.Rediff_1"/>
  <testcase name="link1" time="18.904" classname="practise.Rediff_1"/>
  <testcase name="search" time="34.123" classname="practise.Rediff_1"/>
  <testcase name="select" time="5.269" classname="practise.Rediff_1"/>
</testsuite> <!-- practise.Rediff_1 -->
