<?xml version="1.0" encoding="UTF-8"?>
<!-- Generated by org.testng.reporters.JUnitReportReporter -->
<testsuite hostname="LAPTOP-JG1BHBJI" name="sep8.Property" tests="1" failures="0" timestamp="8 Sep 2022 05:25:15 GMT" time="0.930" errors="0">
  <testcase name="login" time="0.930" classname="sep8.Property"/>
</testsuite> <!-- sep8.Property -->
