<?xml version="1.0" encoding="UTF-8"?>
<!-- Generated by org.testng.reporters.JUnitReportReporter -->
<testsuite hostname="LAPTOP-JG1BHBJI" name="sep6.Firstclass_1" tests="3" failures="0" timestamp="12 Sep 2022 11:00:26 GMT" time="14.305" errors="0">
  <testcase name="ibanking" time="4.654" classname="sep6.Firstclass_1"/>
  <testcase name="cbanking" time="4.873" classname="sep6.Firstclass_1"/>
  <testcase name="pbanking" time="4.778" classname="sep6.Firstclass_1"/>
</testsuite> <!-- sep6.Firstclass_1 -->
