<?xml version="1.0" encoding="UTF-8"?>
<!-- Generated by org.testng.reporters.JUnitReportReporter -->
<testsuite hostname="LAPTOP-JG1BHBJI" name="sep8.Orangehrm" tests="1" failures="0" timestamp="8 Sep 2022 10:04:40 GMT" time="17.981" errors="0">
  <testcase name="login" time="17.981" classname="sep8.Orangehrm"/>
</testsuite> <!-- sep8.Orangehrm -->
